<?xml version="1.0" encoding="UTF-8"?>
<testsuite xmlns:xsi="http://www.w3.org/2001/XMLSchema-instance" xsi:noNamespaceSchemaLocation="https://maven.apache.org/surefire/maven-surefire-plugin/xsd/surefire-test-report.xsd" name="com.epam.ui.UserServiceImplTest" time="0.494" tests="13" errors="0" skipped="0" failures="2">
  <properties>
[...]
</properties>
  <testcase name="test_ValidateAge_NegativeNumber" classname="com.epam.ui.UserServiceImplTest" time="0.452"/>
  <testcase name="test_CheckUser" classname="com.epam.ui.UserServiceImplTest" time="0.001"/>
  <testcase name="test_ValidateAge_ValidAge" classname="com.epam.ui.UserServiceImplTest" time="0.001"/>
  <testcase name="test_ValidateAge_NonNumeric" classname="com.epam.ui.UserServiceImplTest" time="0.007">
    <failure message="Expected com.exception.VaccineManagementExceptions to be thrown, but nothing was thrown." type="org.opentest4j.AssertionFailedError">org.opentest4j.AssertionFailedError: Expected com.exception.VaccineManagementExceptions to be thrown, but nothing was thrown.
	at com.epam.ui.UserServiceImplTest.test_ValidateAge_NonNumeric(UserServiceTest.java:106)
</failure>
  </testcase>
  <testcase name="test_HasAlreadyTakenSecondDose_UserHasNotTakenSecondDose" classname="com.epam.ui.UserServiceImplTest" time="0.001"/>
  <testcase name="test_AddFirstDose" classname="com.epam.ui.UserServiceImplTest" time="0.007">
    <failure message="expected: &lt;true&gt; but was: &lt;false&gt;" type="org.opentest4j.AssertionFailedError"><![CDATA[org.opentest4j.AssertionFailedError: expected: <true> but was: <false>
	at com.epam.ui.UserServiceImplTest.test_AddFirstDose(UserServiceTest.java:46)
]]></failure>
  </testcase>
  <testcase name="test_ValidateName_ValidName" classname="com.epam.ui.UserServiceImplTest" time="0.001"/>
  <testcase name="test_AddSecondDose" classname="com.epam.ui.UserServiceImplTest" time="0.002"/>
  <testcase name="test_ValidateAadhar_ValidAadhar" classname="com.epam.ui.UserServiceImplTest" time="0.001"/>
  <testcase name="test_HasAlreadyTakenFirstDose_UserHasNotTakenFirstDose" classname="com.epam.ui.UserServiceImplTest" time="0.001"/>
  <testcase name="test_ValidateAadhar_InvalidLength" classname="com.epam.ui.UserServiceImplTest" time="0.004"/>
  <testcase name="test_ValidateName_InvalidName" classname="com.epam.ui.UserServiceImplTest" time="0"/>
  <testcase name="test_CheckUser_NonExistingUser" classname="com.epam.ui.UserServiceImplTest" time="0"/>
</testsuite>