<?xml version="1.0" encoding="UTF-8"?>
<testsuite xmlns:xsi="http://www.w3.org/2001/XMLSchema-instance" xsi:noNamespaceSchemaLocation="https://maven.apache.org/surefire/maven-surefire-plugin/xsd/surefire-test-report.xsd" name="com.epam.ui.VaccineServiceTest" time="0.007" tests="9" errors="0" skipped="0" failures="0">
  <properties>
[...]
</properties>
  <testcase name="test_VaccinesLength" classname="com.epam.ui.VaccineServiceTest" time="0"/>
  <testcase name="test_UpdateVaccine" classname="com.epam.ui.VaccineServiceTest" time="0"/>
  <testcase name="test_AddVaccine" classname="com.epam.ui.VaccineServiceTest" time="0"/>
  <testcase name="test_CheckVaccine" classname="com.epam.ui.VaccineServiceTest" time="0"/>
  <testcase name="test_ValidateQuantity_NegativeNumber" classname="com.epam.ui.VaccineServiceTest" time="0"/>
  <testcase name="test_ValidateVaccineName" classname="com.epam.ui.VaccineServiceTest" time="0"/>
  <testcase name="test_DecrementVaccineBalance" classname="com.epam.ui.VaccineServiceTest" time="0"/>
  <testcase name="test_ViewVaccines" classname="com.epam.ui.VaccineServiceTest" time="0.003"/>
  <testcase name="test_ViewAvailableVaccines" classname="com.epam.ui.VaccineServiceTest" time="0.004"/>
</testsuite>